[INFO] 2020-03-16 11:11:30.860 org.springframework.boot.StartupInfoLogger.logStarting(StartupInfoLogger.java:48) Starting FaceApplication on admin-PC with PID 7392 (F:\Ellison\faceRenlian\target\classes started by admin in F:\Ellison\faceRenlian)
[INFO] 2020-03-16 11:11:30.887 org.springframework.boot.SpringApplication.logStartupProfileInfo(SpringApplication.java:597) The following profiles are active: product
[INFO] 2020-03-16 11:11:30.958 org.springframework.context.support.AbstractApplicationContext.prepareRefresh(AbstractApplicationContext.java:583) Refreshing org.springframework.boot.context.embedded.AnnotationConfigEmbeddedWebApplicationContext@4ea5b703: startup date [Mon Mar 16 11:11:30 CST 2020]; root of context hierarchy
[INFO] 2020-03-16 11:11:31.243 org.hibernate.validator.internal.util.Version.<clinit>(Version.java:30) HV000001: Hibernate Validator 5.3.6.Final
[INFO] 2020-03-16 11:11:33.111 org.springframework.boot.context.embedded.tomcat.TomcatEmbeddedServletContainer.initialize(TomcatEmbeddedServletContainer.java:89) Tomcat initialized with port(s): 8099 (http)
[INFO] 2020-03-16 11:11:33.418 org.springframework.boot.context.embedded.EmbeddedWebApplicationContext.prepareEmbeddedWebApplicationContext(EmbeddedWebApplicationContext.java:276) Root WebApplicationContext: initialization completed in 2460 ms
[INFO] 2020-03-16 11:11:33.706 org.springframework.boot.web.servlet.ServletRegistrationBean.onStartup(ServletRegistrationBean.java:190) Mapping servlet: 'dispatcherServlet' to [/]
[INFO] 2020-03-16 11:11:33.708 org.springframework.boot.web.servlet.ServletRegistrationBean.onStartup(ServletRegistrationBean.java:190) Mapping servlet: 'statViewServlet' to [/druid/*]
[INFO] 2020-03-16 11:11:33.712 org.springframework.boot.web.servlet.AbstractFilterRegistrationBean.configure(AbstractFilterRegistrationBean.java:258) Mapping filter: 'characterEncodingFilter' to: [/*]
[INFO] 2020-03-16 11:11:33.712 org.springframework.boot.web.servlet.AbstractFilterRegistrationBean.configure(AbstractFilterRegistrationBean.java:258) Mapping filter: 'hiddenHttpMethodFilter' to: [/*]
[INFO] 2020-03-16 11:11:33.712 org.springframework.boot.web.servlet.AbstractFilterRegistrationBean.configure(AbstractFilterRegistrationBean.java:258) Mapping filter: 'httpPutFormContentFilter' to: [/*]
[INFO] 2020-03-16 11:11:33.713 org.springframework.boot.web.servlet.AbstractFilterRegistrationBean.configure(AbstractFilterRegistrationBean.java:258) Mapping filter: 'requestContextFilter' to: [/*]
[INFO] 2020-03-16 11:11:33.713 org.springframework.boot.web.servlet.AbstractFilterRegistrationBean.configure(AbstractFilterRegistrationBean.java:271) Mapping filter: 'webStatFilter' to urls: [/*]
[INFO] 2020-03-16 11:11:35.333 com.alibaba.druid.pool.DruidDataSource.init(DruidDataSource.java:854) {dataSource-1} inited
[INFO] 2020-03-16 11:11:35.336 org.springframework.jdbc.datasource.init.ScriptUtils.executeSqlScript(ScriptUtils.java:441) Executing SQL script from class path resource [schema.sql]
[INFO] 2020-03-16 11:11:35.361 org.springframework.jdbc.datasource.init.ScriptUtils.executeSqlScript(ScriptUtils.java:507) Executed SQL script from class path resource [schema.sql] in 25 ms.
[INFO] 2020-03-16 11:11:35.696 main.java.com.ha.util.LogConfig.logMethod(LogConfig.java:23) ==========print log日志启动==========
[INFO] 2020-03-16 11:11:35.983 org.springframework.web.servlet.mvc.method.annotation.RequestMappingHandlerAdapter.initControllerAdviceCache(RequestMappingHandlerAdapter.java:534) Looking for @ControllerAdvice: org.springframework.boot.context.embedded.AnnotationConfigEmbeddedWebApplicationContext@4ea5b703: startup date [Mon Mar 16 11:11:30 CST 2020]; root of context hierarchy
[INFO] 2020-03-16 11:11:36.180 org.springframework.web.servlet.handler.AbstractHandlerMethodMapping$MappingRegistry.register(AbstractHandlerMethodMapping.java:543) Mapped "{[/forward/updateState],methods=[GET],produces=[application/json;charset=utf-8]}" onto public int main.java.com.ha.controller.ForwardController.updateState(java.lang.String)
[INFO] 2020-03-16 11:11:36.180 org.springframework.web.servlet.handler.AbstractHandlerMethodMapping$MappingRegistry.register(AbstractHandlerMethodMapping.java:543) Mapped "{[/forward/insertTimeRecords],methods=[POST],produces=[application/json;charset=utf-8]}" onto public int main.java.com.ha.controller.ForwardController.insertTimeRecords(java.lang.String)
[INFO] 2020-03-16 11:11:36.181 org.springframework.web.servlet.handler.AbstractHandlerMethodMapping$MappingRegistry.register(AbstractHandlerMethodMapping.java:543) Mapped "{[/forward/insertTimeRecordsPic],methods=[POST],produces=[application/json;charset=utf-8]}" onto public int main.java.com.ha.controller.ForwardController.insertTimeRecordsPic(java.lang.String)
[INFO] 2020-03-16 11:11:36.181 org.springframework.web.servlet.handler.AbstractHandlerMethodMapping$MappingRegistry.register(AbstractHandlerMethodMapping.java:543) Mapped "{[/forward/getWhitecardtaskDel],methods=[POST],produces=[application/json;charset=utf-8]}" onto public java.util.List<main.java.com.ha.pojo.WhiteCardTask> main.java.com.ha.controller.ForwardController.getWhitecardtaskDel()
[INFO] 2020-03-16 11:11:36.181 org.springframework.web.servlet.handler.AbstractHandlerMethodMapping$MappingRegistry.register(AbstractHandlerMethodMapping.java:543) Mapped "{[/forward/getimg],methods=[POST],produces=[application/json;charset=utf-8]}" onto public java.util.List<main.java.com.ha.pojo.Employee> main.java.com.ha.controller.ForwardController.showerweima()
[INFO] 2020-03-16 11:11:36.182 org.springframework.web.servlet.handler.AbstractHandlerMethodMapping$MappingRegistry.register(AbstractHandlerMethodMapping.java:543) Mapped "{[/forward/select],methods=[GET],produces=[application/json;charset=utf-8]}" onto public int main.java.com.ha.controller.ForwardController.selectAll()
[INFO] 2020-03-16 11:11:36.182 org.springframework.web.servlet.handler.AbstractHandlerMethodMapping$MappingRegistry.register(AbstractHandlerMethodMapping.java:543) Mapped "{[/forward/getWhitecardtask],methods=[POST],produces=[application/json;charset=utf-8]}" onto public java.util.List<main.java.com.ha.pojo.WhiteCardTask> main.java.com.ha.controller.ForwardController.getWhitecardtask()
[INFO] 2020-03-16 11:11:36.182 org.springframework.web.servlet.handler.AbstractHandlerMethodMapping$MappingRegistry.register(AbstractHandlerMethodMapping.java:543) Mapped "{[/forward/insertWhite],methods=[POST],produces=[application/json;charset=utf-8]}" onto public java.lang.String main.java.com.ha.controller.ForwardController.insertWhite(java.lang.String)
[INFO] 2020-03-16 11:11:36.183 org.springframework.web.servlet.handler.AbstractHandlerMethodMapping$MappingRegistry.register(AbstractHandlerMethodMapping.java:543) Mapped "{[/forward/updateWhite],methods=[POST],produces=[application/json;charset=utf-8]}" onto public java.lang.String main.java.com.ha.controller.ForwardController.updateWhite(java.lang.String)
[INFO] 2020-03-16 11:11:36.183 org.springframework.web.servlet.handler.AbstractHandlerMethodMapping$MappingRegistry.register(AbstractHandlerMethodMapping.java:543) Mapped "{[/forward/getIsexist],methods=[POST],produces=[application/json;charset=utf-8]}" onto public java.util.List<main.java.com.ha.pojo.ClockWhiteCard> main.java.com.ha.controller.ForwardController.getIsexist(java.lang.String)
[INFO] 2020-03-16 11:11:36.183 org.springframework.web.servlet.handler.AbstractHandlerMethodMapping$MappingRegistry.register(AbstractHandlerMethodMapping.java:543) Mapped "{[/forward/getWhiteDel],methods=[POST],produces=[application/json;charset=utf-8]}" onto public java.util.List<main.java.com.ha.pojo.WhiteCardTask> main.java.com.ha.controller.ForwardController.getWhiteDel()
[INFO] 2020-03-16 11:11:36.184 org.springframework.web.servlet.handler.AbstractHandlerMethodMapping$MappingRegistry.register(AbstractHandlerMethodMapping.java:543) Mapped "{[/forward/delClockWhite],methods=[POST],produces=[application/json;charset=utf-8]}" onto public java.lang.String main.java.com.ha.controller.ForwardController.delClockWhite(java.lang.String)
[INFO] 2020-03-16 11:11:36.185 org.springframework.web.servlet.handler.AbstractHandlerMethodMapping$MappingRegistry.register(AbstractHandlerMethodMapping.java:543) Mapped "{[/hnjca/index],methods=[GET],produces=[application/json;charset=utf-8]}" onto public void main.java.com.ha.controller.HnjcaController.get(javax.servlet.http.HttpServletRequest,javax.servlet.http.HttpServletResponse) throws java.io.UnsupportedEncodingException
[INFO] 2020-03-16 11:11:36.186 org.springframework.web.servlet.handler.AbstractHandlerMethodMapping$MappingRegistry.register(AbstractHandlerMethodMapping.java:543) Mapped "{[/hnjca/index],methods=[POST],produces=[application/json;charset=utf-8]}" onto public void main.java.com.ha.controller.HnjcaController.post(javax.servlet.http.HttpServletRequest,javax.servlet.http.HttpServletResponse) throws java.io.IOException,org.dom4j.DocumentException
[INFO] 2020-03-16 11:11:36.186 org.springframework.web.servlet.handler.AbstractHandlerMethodMapping$MappingRegistry.register(AbstractHandlerMethodMapping.java:543) Mapped "{[/hnjca/auth],methods=[GET],produces=[application/json;charset=utf-8]}" onto public void main.java.com.ha.controller.HnjcaController.auth(java.lang.String,java.lang.String,javax.servlet.http.HttpServletRequest,javax.servlet.http.HttpServletResponse) throws java.io.IOException
[INFO] 2020-03-16 11:11:36.188 org.springframework.web.servlet.handler.AbstractHandlerMethodMapping$MappingRegistry.register(AbstractHandlerMethodMapping.java:543) Mapped "{[/error]}" onto public org.springframework.http.ResponseEntity<java.util.Map<java.lang.String, java.lang.Object>> org.springframework.boot.autoconfigure.web.BasicErrorController.error(javax.servlet.http.HttpServletRequest)
[INFO] 2020-03-16 11:11:36.189 org.springframework.web.servlet.handler.AbstractHandlerMethodMapping$MappingRegistry.register(AbstractHandlerMethodMapping.java:543) Mapped "{[/error],produces=[text/html]}" onto public org.springframework.web.servlet.ModelAndView org.springframework.boot.autoconfigure.web.BasicErrorController.errorHtml(javax.servlet.http.HttpServletRequest,javax.servlet.http.HttpServletResponse)
[INFO] 2020-03-16 11:11:36.225 org.springframework.web.servlet.handler.AbstractUrlHandlerMapping.registerHandler(AbstractUrlHandlerMapping.java:362) Mapped URL path [/webjars/**] onto handler of type [class org.springframework.web.servlet.resource.ResourceHttpRequestHandler]
[INFO] 2020-03-16 11:11:36.226 org.springframework.web.servlet.handler.AbstractUrlHandlerMapping.registerHandler(AbstractUrlHandlerMapping.java:362) Mapped URL path [/**] onto handler of type [class org.springframework.web.servlet.resource.ResourceHttpRequestHandler]
[INFO] 2020-03-16 11:11:36.260 org.springframework.web.servlet.handler.AbstractUrlHandlerMapping.registerHandler(AbstractUrlHandlerMapping.java:362) Mapped URL path [/**/favicon.ico] onto handler of type [class org.springframework.web.servlet.resource.ResourceHttpRequestHandler]
[INFO] 2020-03-16 11:11:36.629 org.springframework.jmx.export.MBeanExporter.afterSingletonsInstantiated(MBeanExporter.java:431) Registering beans for JMX exposure on startup
[INFO] 2020-03-16 11:11:36.630 org.springframework.jmx.export.MBeanExporter.autodetect(MBeanExporter.java:916) Bean with name 'statFilter' has been autodetected for JMX exposure
[INFO] 2020-03-16 11:11:36.631 org.springframework.jmx.export.MBeanExporter.autodetect(MBeanExporter.java:916) Bean with name 'dataSource' has been autodetected for JMX exposure
[INFO] 2020-03-16 11:11:36.647 org.springframework.jmx.export.MBeanExporter.registerBeanInstance(MBeanExporter.java:671) Located MBean 'dataSource': registering with JMX server as MBean [com.alibaba.druid.spring.boot.autoconfigure:name=dataSource,type=DruidDataSourceWrapper]
[INFO] 2020-03-16 11:11:36.647 org.springframework.jmx.export.MBeanExporter.registerBeanInstance(MBeanExporter.java:671) Located MBean 'statFilter': registering with JMX server as MBean [com.alibaba.druid.filter.stat:name=statFilter,type=StatFilter]
[INFO] 2020-03-16 11:11:36.711 org.springframework.boot.context.embedded.tomcat.TomcatEmbeddedServletContainer.start(TomcatEmbeddedServletContainer.java:201) Tomcat started on port(s): 8099 (http)
[INFO] 2020-03-16 11:11:36.718 org.springframework.boot.StartupInfoLogger.logStarted(StartupInfoLogger.java:57) Started FaceApplication in 6.36 seconds (JVM running for 10.562)
[INFO] 2020-03-16 11:11:41.125 main.java.com.ha.facecamera.configserver.ConfigServer.start(ConfigServer.java:249) 正在尝试启动配置服务器，预备使用端口10001 启动参数{"sysType":12,"majorProtocol":0,"minorProtocol":9,"heartBeatInterval":5,"forceSetAppConfig":true,"autoRestartStream":true,"expectBandWidth":204800,"noNativeMode":false}
[INFO] 2020-03-16 11:11:41.140 main.java.com.ha.facecamera.configserver.ConfigServer.start(ConfigServer.java:270) 配置服务器启动成功
[INFO] 2020-03-16 11:11:41.154 main.java.com.ha.util.Face$2.run(Face.java:337) 启动数据服务器成功！
[INFO] 2020-03-16 11:11:51.044 org.springframework.web.servlet.FrameworkServlet.initServletBean(FrameworkServlet.java:489) FrameworkServlet 'dispatcherServlet': initialization started
[INFO] 2020-03-16 11:11:51.068 org.springframework.web.servlet.FrameworkServlet.initServletBean(FrameworkServlet.java:508) FrameworkServlet 'dispatcherServlet': initialization completed in 24 ms
[WARN] 2020-03-16 11:21:12.892 org.springframework.web.servlet.mvc.support.DefaultHandlerExceptionResolver.handleHttpRequestMethodNotSupported(DefaultHandlerExceptionResolver.java:215) Request method 'GET' not supported
[WARN] 2020-03-16 11:21:20.119 main.java.com.ha.util.Face.createDir(Face.java:319) 创建目录F:/Tomcat 8.0/renlian/Photo\成功！
